<?xml version="1.0" encoding="UTF-8"?>
<testsuite xmlns:xsi="http://www.w3.org/2001/XMLSchema-instance" xsi:noNamespaceSchemaLocation="https://maven.apache.org/surefire/maven-surefire-plugin/xsd/surefire-test-report-3.0.xsd" version="3.0" name="com.udla.StudentTest" time="0.251" tests="13" errors="0" skipped="0" failures="0">
  <properties>
[...]
</properties>
  <testcase name="testCreateStudentValidGrades(double)[1]" classname="com.udla.StudentTest" time="0.058"/>
  <testcase name="testCreateStudentValidGrades(double)[2]" classname="com.udla.StudentTest" time="0.002"/>
  <testcase name="testCreateStudentValidGrades(double)[3]" classname="com.udla.StudentTest" time="0.003"/>
  <testcase name="testCreateStudentValidGrades(double)[4]" classname="com.udla.StudentTest" time="0.002"/>
  <testcase name="testCreateStudentValidGrades(double)[5]" classname="com.udla.StudentTest" time="0.002"/>
  <testcase name="testCreateStudentInvalidNames(String)[1]" classname="com.udla.StudentTest" time="0.002"/>
  <testcase name="testCreateStudentInvalidNames(String)[2]" classname="com.udla.StudentTest" time="0.002"/>
  <testcase name="testCreateStudentCorrectly" classname="com.udla.StudentTest" time="0.001"/>
  <testcase name="testCreateStudentInvalidGrades(double)[1]" classname="com.udla.StudentTest" time="0.005"/>
  <testcase name="testCreateStudentInvalidGrades(double)[2]" classname="com.udla.StudentTest" time="0.002"/>
  <testcase name="testCreateStudentInvalidGrades(double)[3]" classname="com.udla.StudentTest" time="0.002"/>
  <testcase name="testCreateStudentInvalidGrades(double)[4]" classname="com.udla.StudentTest" time="0.002"/>
  <testcase name="testCreateStudentInvalidGrades(double)[5]" classname="com.udla.StudentTest" time="0.001"/>
</testsuite>